#
# A fatal error has been detected by the Java Runtime Environment:
#
#  EXCEPTION_ACCESS_VIOLATION (0xc0000005) at pc=0x00007ff9daeac3b9, pid=5744, tid=7432
#
# JRE version: Java(TM) SE Runtime Environment (7.0_79-b15) (build 1.7.0_79-b15)
# Java VM: Java HotSpot(TM) 64-Bit Server VM (24.79-b02 mixed mode windows-amd64 compressed oops)
# Problematic frame:
# C  [MSVCR110.dll+0x3c3b9]
#
# Failed to write core dump. Minidumps are not enabled by default on client versions of Windows
#
# If you would like to submit a bug report, please visit:
#   http://bugreport.java.com/bugreport/crash.jsp
# The crash happened outside the Java Virtual Machine in native code.
# See problematic frame for where to report the bug.
#

---------------  T H R E A D  ---------------

Current thread (0x000000000ddec800):  JavaThread "Thread-2" [_thread_in_native, id=7432, stack(0x000000000f8a0000,0x000000000f9a0000)]

siginfo: ExceptionCode=0xc0000005, writing address 0x0000000000000000

Registers:
RAX=0x0000000000000000, RBX=0x0000000000b00000, RCX=0x0000000000500000, RDX=0x0000000015ec2040
RSP=0x000000000f99e598, RBP=0x000000000f99e6b0, RSI=0x0000000015ec2040, RDI=0x0000000000000000
R8 =0x0000000000500000, R9 =0x000000000000004a, R10=0x0000000015ec2040, R11=0x0000000000000000
R12=0x00000000004ff412, R13=0x000000000010e800, R14=0x000000000f99eb60, R15=0x0000000000500000
RIP=0x00007ff9daeac3b9, EFLAGS=0x0000000000010203

Top of Stack: (sp=0x000000000f99e598)
0x000000000f99e598:   000000000f99ebc0 0000000000000000
0x000000000f99e5a8:   000000018007c749 0000000000b00000
0x000000000f99e5b8:   000000000f99ebc0 0000000000000000
0x000000000f99e5c8:   0000000000000000 00000003c0f20000
0x000000000f99e5d8:   0000000002000002 000000000fe86ba8
0x000000000f99e5e8:   fffffffffffffffe feeefeeefeeefeee
0x000000000f99e5f8:   0000000000ec6000 0000000000e49700
0x000000000f99e608:   00007ff9f8477a2c 0000000000e40150
0x000000000f99e618:   0000000012112fa0 0000000000e40006
0x000000000f99e628:   00007ff9f8473d0e 0000000000000000
0x000000000f99e638:   0000000000000000 0000000000e40000
0x000000000f99e648:   0000000000008202 0000000000001000
0x000000000f99e658:   00007ff900000004 0000000000e40101
0x000000000f99e668:   00000003d3b70000 0000000000000000
0x000000000f99e678:   0000000000000001 f6eebd3dbc312223
0x000000000f99e688:   f27d89cf8ab9e0c6 e0e961421a864bf8 

Instructions: (pc=0x00007ff9daeac3b9)
0x00007ff9daeac399:   03 c0 48 3b c8 0f 8c 46 03 00 00 0f ba 25 ac 9f
0x00007ff9daeac3a9:   08 00 01 73 13 57 56 48 8b f9 49 8b f2 49 8b c8
0x00007ff9daeac3b9:   f3 a4 5e 5f 49 8b c3 c3 f6 c1 07 74 36 f6 c1 01
0x00007ff9daeac3c9:   74 0b 8a 04 0a 49 ff c8 88 01 48 ff c1 f6 c1 02 


Register to memory mapping:

RAX=0x0000000000000000 is an unknown value
RBX=0x0000000000b00000 is an unknown value
RCX=0x0000000000500000 is an unknown value
RDX=0x0000000015ec2040 is an unknown value
RSP=0x000000000f99e598 is pointing into the stack for thread: 0x000000000ddec800
RBP=0x000000000f99e6b0 is pointing into the stack for thread: 0x000000000ddec800
RSI=0x0000000015ec2040 is an unknown value
RDI=0x0000000000000000 is an unknown value
R8 =0x0000000000500000 is an unknown value
R9 =0x000000000000004a is an unknown value
R10=0x0000000015ec2040 is an unknown value
R11=0x0000000000000000 is an unknown value
R12=0x00000000004ff412 is an unknown value
R13=0x000000000010e800 is an unknown value
R14=0x000000000f99eb60 is pointing into the stack for thread: 0x000000000ddec800
R15=0x0000000000500000 is an unknown value


Stack: [0x000000000f8a0000,0x000000000f9a0000],  sp=0x000000000f99e598,  free space=1017k
Native frames: (J=compiled Java code, j=interpreted, Vv=VM code, C=native code)
C  [MSVCR110.dll+0x3c3b9]

Java frames: (J=compiled Java code, j=interpreted, Vv=VM code)
j  lemurproject.indri.indriJNI.QueryEnvironment_documents__SWIG_1(JLlemurproject/indri/QueryEnvironment;[Llemurproject/indri/ScoredExtentResult;)[Llemurproject/indri/ParsedDocument;+0
j  lemurproject.indri.QueryEnvironment.documents([Llemurproject/indri/ScoredExtentResult;)[Llemurproject/indri/ParsedDocument;+6
j  info.ephyra.search.searchers.IndriKM.doSearch()[Linfo/ephyra/search/Result;+203
j  info.ephyra.search.searchers.Searcher.run()V+8
v  ~StubRoutines::call_stub

---------------  P R O C E S S  ---------------

Java Threads: ( => current thread )
=>0x000000000ddec800 JavaThread "Thread-2" [_thread_in_native, id=7432, stack(0x000000000f8a0000,0x000000000f9a0000)]
  0x000000000ebcb800 JavaThread "Thread-1" [_thread_in_native, id=1352, stack(0x000000000f7a0000,0x000000000f8a0000)]
  0x0000000002a4e800 JavaThread "Service Thread" daemon [_thread_blocked, id=7124, stack(0x000000000d9e0000,0x000000000dae0000)]
  0x0000000002a41000 JavaThread "C2 CompilerThread1" daemon [_thread_blocked, id=4688, stack(0x000000000d8e0000,0x000000000d9e0000)]
  0x000000000d201000 JavaThread "C2 CompilerThread0" daemon [_thread_blocked, id=7028, stack(0x000000000d7e0000,0x000000000d8e0000)]
  0x0000000002a3f000 JavaThread "Attach Listener" daemon [_thread_blocked, id=6024, stack(0x000000000d6e0000,0x000000000d7e0000)]
  0x0000000002a3a000 JavaThread "Signal Dispatcher" daemon [_thread_blocked, id=7308, stack(0x000000000d5e0000,0x000000000d6e0000)]
  0x000000000b200000 JavaThread "Finalizer" daemon [_thread_blocked, id=8648, stack(0x000000000d0e0000,0x000000000d1e0000)]
  0x000000000b1f9800 JavaThread "Reference Handler" daemon [_thread_blocked, id=5424, stack(0x000000000cfe0000,0x000000000d0e0000)]
  0x0000000002b3e000 JavaThread "main" [_thread_blocked, id=7652, stack(0x00000000027d0000,0x00000000028d0000)]

Other Threads:
  0x000000000b1f5800 VMThread [stack: 0x000000000cee0000,0x000000000cfe0000] [id=8024]
  0x000000000d21e800 WatcherThread [stack: 0x000000000dae0000,0x000000000dbe0000] [id=8840]

VM state:not at safepoint (normal execution)

VM Mutex/Monitor currently owned by a thread: None

Heap
 PSYoungGen      total 459776K, used 259193K [0x00000007d5e80000, 0x0000000800000000, 0x0000000800000000)
  eden space 229888K, 54% used [0x00000007d5e80000,0x00000007dd863950,0x00000007e3f00000)
  from space 229888K, 58% used [0x00000007e3f00000,0x00000007ec23aba8,0x00000007f1f80000)
  to   space 229888K, 0% used [0x00000007f1f80000,0x00000007f1f80000,0x0000000800000000)
 ParOldGen       total 744448K, used 544720K [0x0000000781c00000, 0x00000007af300000, 0x00000007d5e80000)
  object space 744448K, 73% used [0x0000000781c00000,0x00000007a2ff4060,0x00000007af300000)
 PSPermGen       total 21504K, used 10209K [0x000000077ca00000, 0x000000077df00000, 0x0000000781c00000)
  object space 21504K, 47% used [0x000000077ca00000,0x000000077d3f8468,0x000000077df00000)

Card table byte_map: [0x0000000005b40000,0x0000000005f60000] byte_map_base: 0x0000000001f5b000

Polling page: 0x00000000011a0000

Code Cache  [0x0000000002b40000, 0x0000000002db0000, 0x0000000005b40000)
 total_blobs=857 nmethods=556 adapters=253 free_code_cache=47065Kb largest_free_block=48135424

Compilation events (10 events):
Event: 20.395 Thread 0x0000000002a41000 nmethod 594 0x0000000002d47050 code [0x0000000002d47420, 0x0000000002d49598]
Event: 20.395 Thread 0x0000000002a41000  595             gnu.trove.TObjectHash::index (140 bytes)
Event: 20.410 Thread 0x0000000002a41000 nmethod 595 0x0000000002d4c110 code [0x0000000002d4c320, 0x0000000002d4d9f8]
Event: 20.410 Thread 0x0000000002a41000  596             java.util.DualPivotQuicksort::sort (191 bytes)
Event: 20.416 Thread 0x0000000002a41000 nmethod 596 0x0000000002bb74d0 code [0x0000000002bb7660, 0x0000000002bb7ce8]
Event: 20.416 Thread 0x0000000002a41000  598   !         java.io.RandomAccessFile::read (51 bytes)
Event: 20.417 Thread 0x0000000002a41000 nmethod 598 0x0000000002bb7250 code [0x0000000002bb73a0, 0x0000000002bb7428]
Event: 20.417 Thread 0x0000000002a41000  600             java.io.RandomAccessFile::readLine (116 bytes)
Event: 20.419 Thread 0x0000000002a41000 nmethod 600 0x0000000002bbf890 code [0x0000000002bbfa40, 0x0000000002bbfd00]
Event: 20.477 Thread 0x000000000d201000 nmethod 588% 0x0000000002d4eb10 code [0x0000000002d4ee20, 0x0000000002d53578]

GC Heap History (10 events):
Event: 8.830 GC heap before
{Heap before GC invocations=25 (full 3):
 PSYoungGen      total 432128K, used 431664K [0x00000007d5e80000, 0x0000000800000000, 0x0000000800000000)
  eden space 269824K, 100% used [0x00000007d5e80000,0x00000007e6600000,0x00000007e6600000)
  from space 162304K, 99% used [0x00000007e6600000,0x00000007f040c070,0x00000007f0480000)
  to   space 219136K, 0% used [0x00000007f2a00000,0x00000007f2a00000,0x0000000800000000)
 ParOldGen       total 505856K, used 419774K [0x0000000781c00000, 0x00000007a0a00000, 0x00000007d5e80000)
  object space 505856K, 82% used [0x0000000781c00000,0x000000079b5ef8d8,0x00000007a0a00000)
 PSPermGen       total 21504K, used 8308K [0x000000077ca00000, 0x000000077df00000, 0x0000000781c00000)
  object space 21504K, 38% used [0x000000077ca00000,0x000000077d21d268,0x000000077df00000)
Event: 8.896 GC heap after
Heap after GC invocations=25 (full 3):
 PSYoungGen      total 449024K, used 172016K [0x00000007d5e80000, 0x0000000800000000, 0x0000000800000000)
  eden space 229888K, 0% used [0x00000007d5e80000,0x00000007d5e80000,0x00000007e3f00000)
  from space 219136K, 78% used [0x00000007f2a00000,0x00000007fd1fc060,0x0000000800000000)
  to   space 229888K, 0% used [0x00000007e3f00000,0x00000007e3f00000,0x00000007f1f80000)
 ParOldGen       total 505856K, used 438526K [0x0000000781c00000, 0x00000007a0a00000, 0x00000007d5e80000)
  object space 505856K, 86% used [0x0000000781c00000,0x000000079c83f8f8,0x00000007a0a00000)
 PSPermGen       total 21504K, used 8308K [0x000000077ca00000, 0x000000077df00000, 0x0000000781c00000)
  object space 21504K, 38% used [0x000000077ca00000,0x000000077d21d268,0x000000077df00000)
}
Event: 9.053 GC heap before
{Heap before GC invocations=26 (full 3):
 PSYoungGen      total 449024K, used 401904K [0x00000007d5e80000, 0x0000000800000000, 0x0000000800000000)
  eden space 229888K, 100% used [0x00000007d5e80000,0x00000007e3f00000,0x00000007e3f00000)
  from space 219136K, 78% used [0x00000007f2a00000,0x00000007fd1fc060,0x0000000800000000)
  to   space 229888K, 0% used [0x00000007e3f00000,0x00000007e3f00000,0x00000007f1f80000)
 ParOldGen       total 505856K, used 438526K [0x0000000781c00000, 0x00000007a0a00000, 0x00000007d5e80000)
  object space 505856K, 86% used [0x0000000781c00000,0x000000079c83f8f8,0x00000007a0a00000)
 PSPermGen       total 21504K, used 8309K [0x000000077ca00000, 0x000000077df00000, 0x0000000781c00000)
  object space 21504K, 38% used [0x000000077ca00000,0x000000077d21d450,0x000000077df00000)
Event: 9.112 GC heap after
Heap after GC invocations=26 (full 3):
 PSYoungGen      total 459776K, used 195552K [0x00000007d5e80000, 0x0000000800000000, 0x0000000800000000)
  eden space 229888K, 0% used [0x00000007d5e80000,0x00000007d5e80000,0x00000007e3f00000)
  from space 229888K, 85% used [0x00000007e3f00000,0x00000007efdf8060,0x00000007f1f80000)
  to   space 229888K, 0% used [0x00000007f1f80000,0x00000007f1f80000,0x0000000800000000)
 ParOldGen       total 505856K, used 438526K [0x0000000781c00000, 0x00000007a0a00000, 0x00000007d5e80000)
  object space 505856K, 86% used [0x0000000781c00000,0x000000079c83f8f8,0x00000007a0a00000)
 PSPermGen       total 21504K, used 8309K [0x000000077ca00000, 0x000000077df00000, 0x0000000781c00000)
  object space 21504K, 38% used [0x000000077ca00000,0x000000077d21d450,0x000000077df00000)
}
Event: 9.266 GC heap before
{Heap before GC invocations=27 (full 3):
 PSYoungGen      total 459776K, used 425440K [0x00000007d5e80000, 0x0000000800000000, 0x0000000800000000)
  eden space 229888K, 100% used [0x00000007d5e80000,0x00000007e3f00000,0x00000007e3f00000)
  from space 229888K, 85% used [0x00000007e3f00000,0x00000007efdf8060,0x00000007f1f80000)
  to   space 229888K, 0% used [0x00000007f1f80000,0x00000007f1f80000,0x0000000800000000)
 ParOldGen       total 505856K, used 438526K [0x0000000781c00000, 0x00000007a0a00000, 0x00000007d5e80000)
  object space 505856K, 86% used [0x0000000781c00000,0x000000079c83f8f8,0x00000007a0a00000)
 PSPermGen       total 21504K, used 8309K [0x000000077ca00000, 0x000000077df00000, 0x0000000781c00000)
  object space 21504K, 38% used [0x000000077ca00000,0x000000077d21d758,0x000000077df00000)
Event: 9.338 GC heap after
Heap after GC invocations=27 (full 3):
 PSYoungGen      total 459776K, used 179664K [0x00000007d5e80000, 0x0000000800000000, 0x0000000800000000)
  eden space 229888K, 0% used [0x00000007d5e80000,0x00000007d5e80000,0x00000007e3f00000)
  from space 229888K, 78% used [0x00000007f1f80000,0x00000007fcef4090,0x0000000800000000)
  to   space 229888K, 0% used [0x00000007e3f00000,0x00000007e3f00000,0x00000007f1f80000)
 ParOldGen       total 505856K, used 478790K [0x0000000781c00000, 0x00000007a0a00000, 0x00000007d5e80000)
  object space 505856K, 94% used [0x0000000781c00000,0x000000079ef91988,0x00000007a0a00000)
 PSPermGen       total 21504K, used 8309K [0x000000077ca00000, 0x000000077df00000, 0x0000000781c00000)
  object space 21504K, 38% used [0x000000077ca00000,0x000000077d21d758,0x000000077df00000)
}
Event: 9.338 GC heap before
{Heap before GC invocations=28 (full 4):
 PSYoungGen      total 459776K, used 179664K [0x00000007d5e80000, 0x0000000800000000, 0x0000000800000000)
  eden space 229888K, 0% used [0x00000007d5e80000,0x00000007d5e80000,0x00000007e3f00000)
  from space 229888K, 78% used [0x00000007f1f80000,0x00000007fcef4090,0x0000000800000000)
  to   space 229888K, 0% used [0x00000007e3f00000,0x00000007e3f00000,0x00000007f1f80000)
 ParOldGen       total 505856K, used 478790K [0x0000000781c00000, 0x00000007a0a00000, 0x00000007d5e80000)
  object space 505856K, 94% used [0x0000000781c00000,0x000000079ef91988,0x00000007a0a00000)
 PSPermGen       total 21504K, used 8309K [0x000000077ca00000, 0x000000077df00000, 0x0000000781c00000)
  object space 21504K, 38% used [0x000000077ca00000,0x000000077d21d758,0x000000077df00000)
Event: 11.608 GC heap after
Heap after GC invocations=28 (full 4):
 PSYoungGen      total 459776K, used 150948K [0x00000007d5e80000, 0x0000000800000000, 0x0000000800000000)
  eden space 229888K, 0% used [0x00000007d5e80000,0x00000007d5e80000,0x00000007e3f00000)
  from space 229888K, 65% used [0x00000007f1f80000,0x00000007fb2e9368,0x0000000800000000)
  to   space 229888K, 0% used [0x00000007e3f00000,0x00000007e3f00000,0x00000007f1f80000)
 ParOldGen       total 744448K, used 505415K [0x0000000781c00000, 0x00000007af300000, 0x00000007d5e80000)
  object space 744448K, 67% used [0x0000000781c00000,0x00000007a0991fc0,0x00000007af300000)
 PSPermGen       total 21504K, used 8309K [0x000000077ca00000, 0x000000077df00000, 0x0000000781c00000)
  object space 21504K, 38% used [0x000000077ca00000,0x000000077d21d698,0x000000077df00000)
}
Event: 19.827 GC heap before
{Heap before GC invocations=29 (full 4):
 PSYoungGen      total 459776K, used 380836K [0x00000007d5e80000, 0x0000000800000000, 0x0000000800000000)
  eden space 229888K, 100% used [0x00000007d5e80000,0x00000007e3f00000,0x00000007e3f00000)
  from space 229888K, 65% used [0x00000007f1f80000,0x00000007fb2e9368,0x0000000800000000)
  to   space 229888K, 0% used [0x00000007e3f00000,0x00000007e3f00000,0x00000007f1f80000)
 ParOldGen       total 744448K, used 505415K [0x0000000781c00000, 0x00000007af300000, 0x00000007d5e80000)
  object space 744448K, 67% used [0x0000000781c00000,0x00000007a0991fc0,0x00000007af300000)
 PSPermGen       total 21504K, used 9380K [0x000000077ca00000, 0x000000077df00000, 0x0000000781c00000)
  object space 21504K, 43% used [0x000000077ca00000,0x000000077d3291f8,0x000000077df00000)
Event: 19.922 GC heap after
Heap after GC invocations=29 (full 4):
 PSYoungGen      total 459776K, used 134378K [0x00000007d5e80000, 0x0000000800000000, 0x0000000800000000)
  eden space 229888K, 0% used [0x00000007d5e80000,0x00000007d5e80000,0x00000007e3f00000)
  from space 229888K, 58% used [0x00000007e3f00000,0x00000007ec23aba8,0x00000007f1f80000)
  to   space 229888K, 0% used [0x00000007f1f80000,0x00000007f1f80000,0x0000000800000000)
 ParOldGen       total 744448K, used 544720K [0x0000000781c00000, 0x00000007af300000, 0x00000007d5e80000)
  object space 744448K, 73% used [0x0000000781c00000,0x00000007a2ff4060,0x00000007af300000)
 PSPermGen       total 21504K, used 9380K [0x000000077ca00000, 0x000000077df00000, 0x0000000781c00000)
  object space 21504K, 43% used [0x000000077ca00000,0x000000077d3291f8,0x000000077df00000)
}

Deoptimization events (10 events):
Event: 20.087 Thread 0x0000000002b3e000 Uncommon trap: reason=class_check action=maybe_recompile pc=0x0000000002bfad94 method=java.util.regex.Pattern$Curly.match1(Ljava/util/regex/Matcher;IILjava/lang/CharSequence;)Z @ 8
Event: 20.105 Thread 0x0000000002b3e000 Uncommon trap: reason=bimorphic action=maybe_recompile pc=0x0000000002cd3b2c method=java.lang.String.valueOf(Ljava/lang/Object;)Ljava/lang/String; @ 10
Event: 20.105 Thread 0x0000000002b3e000 Uncommon trap: reason=bimorphic action=maybe_recompile pc=0x0000000002cd3b2c method=java.lang.String.valueOf(Ljava/lang/Object;)Ljava/lang/String; @ 10
Event: 20.105 Thread 0x0000000002b3e000 Uncommon trap: reason=bimorphic action=maybe_recompile pc=0x0000000002cd3b2c method=java.lang.String.valueOf(Ljava/lang/Object;)Ljava/lang/String; @ 10
Event: 20.105 Thread 0x0000000002b3e000 Uncommon trap: reason=bimorphic action=maybe_recompile pc=0x0000000002cd3b2c method=java.lang.String.valueOf(Ljava/lang/Object;)Ljava/lang/String; @ 10
Event: 20.138 Thread 0x0000000002b3e000 Uncommon trap: reason=unreached action=reinterpret pc=0x0000000002d0598c method=edu.stanford.nlp.parser.lexparser.BaseLexicon.initRulesWithWord()V @ 100
Event: 20.152 Thread 0x0000000002b3e000 Uncommon trap: reason=unreached action=reinterpret pc=0x0000000002d0f7b0 method=edu.stanford.nlp.parser.lexparser.BaseLexicon.initRulesWithWord()V @ 381
Event: 20.247 Thread 0x0000000002b3e000 Uncommon trap: reason=unreached action=reinterpret pc=0x0000000002c37504 method=java.util.HashMap.keySet()Ljava/util/Set; @ 6
Event: 20.371 Thread 0x0000000002b3e000 Uncommon trap: reason=bimorphic action=maybe_recompile pc=0x0000000002d13194 method=java.util.regex.Pattern$SliceI.match(Ljava/util/regex/Matcher;ILjava/lang/CharSequence;)Z @ 92
Event: 20.371 Thread 0x0000000002b3e000 Uncommon trap: reason=bimorphic action=maybe_recompile pc=0x0000000002d13194 method=java.util.regex.Pattern$SliceI.match(Ljava/util/regex/Matcher;ILjava/lang/CharSequence;)Z @ 92

Internal exceptions (10 events):
Event: 20.380 Thread 0x0000000002b3e000 Threw 0x00000007dc2775b8 at C:\re\jdk7u79\2331\hotspot\src\share\vm\prims\jvm.cpp:1304
Event: 20.381 Thread 0x0000000002b3e000 Threw 0x00000007dc27a890 at C:\re\jdk7u79\2331\hotspot\src\share\vm\prims\jvm.cpp:1304
Event: 20.381 Thread 0x0000000002b3e000 Threw 0x00000007dc27ebf8 at C:\re\jdk7u79\2331\hotspot\src\share\vm\prims\jvm.cpp:1304
Event: 20.382 Thread 0x0000000002b3e000 Threw 0x00000007dc282938 at C:\re\jdk7u79\2331\hotspot\src\share\vm\prims\jvm.cpp:1304
Event: 20.382 Thread 0x0000000002b3e000 Threw 0x00000007dc286c68 at C:\re\jdk7u79\2331\hotspot\src\share\vm\prims\jvm.cpp:1304
Event: 20.395 Thread 0x0000000002b3e000 Threw 0x00000007dc2f4fc0 at C:\re\jdk7u79\2331\hotspot\src\share\vm\prims\jvm.cpp:1304
Event: 20.396 Thread 0x0000000002b3e000 Threw 0x00000007dc2f9350 at C:\re\jdk7u79\2331\hotspot\src\share\vm\prims\jvm.cpp:1304
Event: 20.400 Thread 0x000000000ebcb800 Threw 0x00000007dc66e120 at C:\re\jdk7u79\2331\hotspot\src\share\vm\prims\jvm.cpp:1304
Event: 20.401 Thread 0x000000000ebcb800 Threw 0x00000007dc67d818 at C:\re\jdk7u79\2331\hotspot\src\share\vm\prims\jvm.cpp:1304
Event: 21.161 Thread 0x000000000dc3e800 Threw 0x00000007dd3ebd30 at C:\re\jdk7u79\2331\hotspot\src\share\vm\prims\jvm.cpp:1304

Events (10 events):
Event: 20.410 Thread 0x0000000002a41000 flushing nmethod 0x0000000002bbf610
Event: 20.477 Thread 0x000000000d201000 flushing nmethod 0x0000000002c0a5d0
Event: 21.161 loading class 0x000000000d28a690
Event: 21.161 loading class 0x000000000d28a690 done
Event: 21.168 Executing VM operation: RevokeBias
Event: 21.168 Executing VM operation: RevokeBias done
Event: 21.168 Thread 0x000000000dc3e800 Thread exited: 0x000000000dc3e800
Event: 21.173 Executing VM operation: RevokeBias
Event: 21.173 Executing VM operation: RevokeBias done
Event: 21.173 Thread 0x000000000dc41000 Thread exited: 0x000000000dc41000


Dynamic libraries:
0x00007ff752f90000 - 0x00007ff752fc3000 	C:\Program Files\Java\jdk1.7.0_79\bin\javaw.exe
0x00007ff9f8440000 - 0x00007ff9f85ec000 	C:\WINDOWS\SYSTEM32\ntdll.dll
0x00007ff9f5f40000 - 0x00007ff9f607e000 	C:\WINDOWS\system32\KERNEL32.DLL
0x00007ff9f5660000 - 0x00007ff9f5775000 	C:\WINDOWS\system32\KERNELBASE.dll
0x00007ff9f3d50000 - 0x00007ff9f3dde000 	C:\WINDOWS\system32\apphelp.dll
0x00007ff9dfc30000 - 0x00007ff9dfc83000 	C:\WINDOWS\AppPatch\AppPatch64\AcGenral.DLL
0x00007ff9f7dd0000 - 0x00007ff9f7e7a000 	C:\WINDOWS\system32\msvcrt.dll
0x00007ff9f53c0000 - 0x00007ff9f53ee000 	C:\WINDOWS\SYSTEM32\SspiCli.dll
0x00007ff9f5e70000 - 0x00007ff9f5ec4000 	C:\WINDOWS\system32\SHLWAPI.dll
0x00007ff9f5cf0000 - 0x00007ff9f5e67000 	C:\WINDOWS\system32\USER32.dll
0x00007ff9f80a0000 - 0x00007ff9f8234000 	C:\WINDOWS\system32\ole32.dll
0x00007ff9f6300000 - 0x00007ff9f7818000 	C:\WINDOWS\system32\SHELL32.dll
0x00007ff9f4b30000 - 0x00007ff9f4b51000 	C:\WINDOWS\SYSTEM32\USERENV.dll
0x00007ff9f6080000 - 0x00007ff9f612a000 	C:\WINDOWS\system32\ADVAPI32.dll
0x00007ff9ec420000 - 0x00007ff9ec43e000 	C:\WINDOWS\SYSTEM32\MPR.dll
0x00007ff9f7c20000 - 0x00007ff9f7d61000 	C:\WINDOWS\system32\RPCRT4.dll
0x00007ff9f7d70000 - 0x00007ff9f7dc9000 	C:\WINDOWS\SYSTEM32\sechost.dll
0x00007ff9f7820000 - 0x00007ff9f7a31000 	C:\WINDOWS\SYSTEM32\combase.dll
0x00007ff9f7e80000 - 0x00007ff9f7fd1000 	C:\WINDOWS\system32\GDI32.dll
0x00007ff9f5590000 - 0x00007ff9f55a5000 	C:\WINDOWS\SYSTEM32\profapi.dll
0x00007ff9f4590000 - 0x00007ff9f4642000 	C:\WINDOWS\SYSTEM32\SHCORE.dll
0x00007ff9f5ca0000 - 0x00007ff9f5cd6000 	C:\WINDOWS\system32\IMM32.DLL
0x00007ff9f5b40000 - 0x00007ff9f5c92000 	C:\WINDOWS\system32\MSCTF.dll
0x00007ff9f3000000 - 0x00007ff9f327b000 	C:\WINDOWS\WinSxS\amd64_microsoft.windows.common-controls_6595b64144ccf1df_6.0.9600.17784_none_624760d1ecb7236e\COMCTL32.dll
0x000000006eb50000 - 0x000000006ec22000 	C:\Program Files\Java\jdk1.7.0_79\jre\bin\msvcr100.dll
0x000000006e0e0000 - 0x000000006e8b5000 	C:\Program Files\Java\jdk1.7.0_79\jre\bin\server\jvm.dll
0x00007ff9f1830000 - 0x00007ff9f1839000 	C:\WINDOWS\SYSTEM32\WSOCK32.dll
0x00007ff9f1410000 - 0x00007ff9f1432000 	C:\WINDOWS\SYSTEM32\WINMM.dll
0x00007ff9f8240000 - 0x00007ff9f8247000 	C:\WINDOWS\system32\PSAPI.DLL
0x00007ff9f8310000 - 0x00007ff9f836a000 	C:\WINDOWS\system32\WS2_32.dll
0x00007ff9f13d0000 - 0x00007ff9f13fa000 	C:\WINDOWS\SYSTEM32\WINMMBASE.dll
0x00007ff9f62e0000 - 0x00007ff9f62e9000 	C:\WINDOWS\system32\NSI.dll
0x00007ff9f5960000 - 0x00007ff9f59af000 	C:\WINDOWS\SYSTEM32\cfgmgr32.dll
0x00007ff9f3fd0000 - 0x00007ff9f3ff8000 	C:\WINDOWS\SYSTEM32\DEVOBJ.dll
0x000000006eb40000 - 0x000000006eb4f000 	C:\Program Files\Java\jdk1.7.0_79\jre\bin\verify.dll
0x000000006eb10000 - 0x000000006eb38000 	C:\Program Files\Java\jdk1.7.0_79\jre\bin\java.dll
0x000000006eaf0000 - 0x000000006eb05000 	C:\Program Files\Java\jdk1.7.0_79\jre\bin\zip.dll
0x000000006ead0000 - 0x000000006eaea000 	C:\Program Files\Java\jdk1.7.0_79\jre\bin\net.dll
0x00007ff9f4da0000 - 0x00007ff9f4df9000 	C:\WINDOWS\system32\mswsock.dll
0x000000006eab0000 - 0x000000006eac1000 	C:\Program Files\Java\jdk1.7.0_79\jre\bin\nio.dll
0x0000000180000000 - 0x000000018031b000 	C:\Program Files\Indri\Indri 5.8\bin\indri_jni.dll
0x00007ff9db090000 - 0x00007ff9db137000 	C:\WINDOWS\SYSTEM32\MSVCP110.dll
0x00007ff9dae70000 - 0x00007ff9daf44000 	C:\WINDOWS\SYSTEM32\MSVCR110.dll
0x00007ff9f8370000 - 0x00007ff9f8431000 	C:\WINDOWS\system32\OLEAUT32.dll
0x00007ff9e5630000 - 0x00007ff9e57b9000 	C:\WINDOWS\SYSTEM32\dbghelp.dll

VM Arguments:
jvm_args: -Dfile.encoding=Cp1252 
java_command: info.ephyra.OpenEphyra
Launcher Type: SUN_STANDARD

Environment Variables:
JAVA_HOME=C:\Program Files\Java\jdk1.8.0_20
PATH=C:/Program Files (x86)/Java/jre7/bin/client;C:/Program Files (x86)/Java/jre7/bin;C:/Program Files (x86)/Java/jre7/lib/i386;C:\ProgramData\Oracle\Java\javapath;C:\Xilinx\10.1\ISE\bin\nt;C:\Xilinx\10.1\ISE\lib\nt;C:\Xilinx\10.1\ISE\smartmodel\nt\installed_nt\lib\pcnt.lib;C:\Xilinx\10.1\ISE\bin\nt64;C:\Xilinx\10.1\ISE\lib\nt64;C:\Program Files (x86)\NVIDIA Corporation\PhysX\Common;C:\Program Files (x86)\Intel\iCLS Client\;C:\Program Files\Intel\iCLS Client\;C:\WINDOWS\system32;C:\WINDOWS;C:\WINDOWS\System32\Wbem;C:\WINDOWS\System32\WindowsPowerShell\v1.0\;C:\Program Files (x86)\Windows Live\Shared;C:\Program Files\Intel\Intel(R) Management Engine Components\DAL;C:\Program Files\Intel\Intel(R) Management Engine Components\IPT;C:\Program Files (x86)\Intel\Intel(R) Management Engine Components\DAL;C:\Program Files (x86)\Intel\Intel(R) Management Engine Components\IPT;C:\Program Files (x86)\Intel\OpenCL SDK\3.0\bin\x86;C:\Program Files (x86)\Intel\OpenCL SDK\3.0\bin\x64;C:\MinGW\bin;C:\Program Files\TortoiseSVN\bin;C:\Program Files (x86)\MiKTeX 2.9\miktex\bin\;C:\Program Files (x86)\Skype\Phone\;C:\Program Files (x86)\Windows Kits\8.1\Windows Performance Toolkit\;C:\Program Files\Microsoft SQL Server\110\Tools\Binn\;C:\Program Files (x86)\Microsoft SDKs\TypeScript\1.0\;C:\Program Files\Microsoft SQL Server\120\Tools\Binn\;C:\Program Files\Java\jdk1.8.0_45\bin;C:\Program Files\Indri\Indri 5.8\bin;C:\Users\Walex\eclipse-standard-kepler-SR1-win32\eclipse;
USERNAME=Walex
OS=Windows_NT
PROCESSOR_IDENTIFIER=Intel64 Family 6 Model 60 Stepping 3, GenuineIntel



---------------  S Y S T E M  ---------------

OS: Windows 8.1 , 64 bit Build 9600 

CPU:total 8 (4 cores per cpu, 2 threads per core) family 6 model 60 stepping 3, cmov, cx8, fxsr, mmx, sse, sse2, sse3, ssse3, sse4.1, sse4.2, popcnt, avx, avx2, aes, erms, ht, tsc, tscinvbit

Memory: 4k page, physical 8269204k(1235868k free), swap 33257724k(498412k free)

vm_info: Java HotSpot(TM) 64-Bit Server VM (24.79-b02) for windows-amd64 JRE (1.7.0_79-b15), built on Apr 10 2015 12:36:16 by "java_re" with unknown MS VC++:1600

time: Fri Jun 05 02:13:54 2015
elapsed time: 742 seconds

