#
# A fatal error has been detected by the Java Runtime Environment:
#
#  EXCEPTION_ACCESS_VIOLATION (0xc0000005) at pc=0x00007ffaffa2c3b9, pid=5108, tid=9812
#
# JRE version: Java(TM) SE Runtime Environment (7.0_79-b15) (build 1.7.0_79-b15)
# Java VM: Java HotSpot(TM) 64-Bit Server VM (24.79-b02 mixed mode windows-amd64 compressed oops)
# Problematic frame:
# C  [MSVCR110.dll+0x3c3b9]
#
# Failed to write core dump. Minidumps are not enabled by default on client versions of Windows
#
# If you would like to submit a bug report, please visit:
#   http://bugreport.java.com/bugreport/crash.jsp
# The crash happened outside the Java Virtual Machine in native code.
# See problematic frame for where to report the bug.
#

---------------  T H R E A D  ---------------

Current thread (0x000000000d4fe800):  JavaThread "Thread-5" [_thread_in_native, id=9812, stack(0x000000000ecb0000,0x000000000edb0000)]

siginfo: ExceptionCode=0xc0000005, writing address 0x0000000000000000

Registers:
RAX=0x0000000000000000, RBX=0x0000000000b00000, RCX=0x0000000000500000, RDX=0x00000000224b7040
RSP=0x000000000edae9b8, RBP=0x000000000edaead0, RSI=0x00000000224b7040, RDI=0x0000000000000000
R8 =0x0000000000500000, R9 =0x000000000000004a, R10=0x00000000224b7040, R11=0x0000000000000000
R12=0x00000000004ff412, R13=0x000000000010e800, R14=0x000000000edaef80, R15=0x0000000000500000
RIP=0x00007ffaffa2c3b9, EFLAGS=0x0000000000010203

Top of Stack: (sp=0x000000000edae9b8)
0x000000000edae9b8:   000000000edaefe0 0000000000000000
0x000000000edae9c8:   000000018007c749 0000000000b00000
0x000000000edae9d8:   000000000edaefe0 0000000000000000
0x000000000edae9e8:   0000000000000000 00000006fb250000
0x000000000edae9f8:   0000000002000002 000000000f298cd8
0x000000000edaea08:   fffffffffffffffe feeefeeefeeefeee
0x000000000edaea18:   0000000717284700 0000000000679720
0x000000000edaea28:   00007ffb1d347a2c 0000000000670150
0x000000000edaea38:   000000000fadaf50 0000000000670006
0x000000000edaea48:   00007ffb1d343d0e 0000000000001000
0x000000000edaea58:   0000000000000000 0000000000670000
0x000000000edaea68:   0000000000008001 0000000000001000
0x000000000edaea78:   00007ffb00000004 0000000000670101
0x000000000edaea88:   0000000715c11000 0000000000000000
0x000000000edaea98:   0000000000000001 f6eebd3dbc312223
0x000000000edaeaa8:   f27d89cf8ab9e0c6 e0e961421a864bf8 

Instructions: (pc=0x00007ffaffa2c3b9)
0x00007ffaffa2c399:   03 c0 48 3b c8 0f 8c 46 03 00 00 0f ba 25 ac 9f
0x00007ffaffa2c3a9:   08 00 01 73 13 57 56 48 8b f9 49 8b f2 49 8b c8
0x00007ffaffa2c3b9:   f3 a4 5e 5f 49 8b c3 c3 f6 c1 07 74 36 f6 c1 01
0x00007ffaffa2c3c9:   74 0b 8a 04 0a 49 ff c8 88 01 48 ff c1 f6 c1 02 


Register to memory mapping:

RAX=0x0000000000000000 is an unknown value
RBX=0x0000000000b00000 is an unknown value
RCX=0x0000000000500000 is an unknown value
RDX=0x00000000224b7040 is an unknown value
RSP=0x000000000edae9b8 is pointing into the stack for thread: 0x000000000d4fe800
RBP=0x000000000edaead0 is pointing into the stack for thread: 0x000000000d4fe800
RSI=0x00000000224b7040 is an unknown value
RDI=0x0000000000000000 is an unknown value
R8 =0x0000000000500000 is an unknown value
R9 =0x000000000000004a is an unknown value
R10=0x00000000224b7040 is an unknown value
R11=0x0000000000000000 is an unknown value
R12=0x00000000004ff412 is an unknown value
R13=0x000000000010e800 is an unknown value
R14=0x000000000edaef80 is pointing into the stack for thread: 0x000000000d4fe800
R15=0x0000000000500000 is an unknown value


Stack: [0x000000000ecb0000,0x000000000edb0000],  sp=0x000000000edae9b8,  free space=1018k
Native frames: (J=compiled Java code, j=interpreted, Vv=VM code, C=native code)
C  [MSVCR110.dll+0x3c3b9]

Java frames: (J=compiled Java code, j=interpreted, Vv=VM code)
j  lemurproject.indri.indriJNI.QueryEnvironment_documents__SWIG_1(JLlemurproject/indri/QueryEnvironment;[Llemurproject/indri/ScoredExtentResult;)[Llemurproject/indri/ParsedDocument;+0
j  lemurproject.indri.QueryEnvironment.documents([Llemurproject/indri/ScoredExtentResult;)[Llemurproject/indri/ParsedDocument;+6
j  info.ephyra.search.searchers.IndriKM.doSearch()[Linfo/ephyra/search/Result;+203
j  info.ephyra.search.searchers.Searcher.run()V+8
v  ~StubRoutines::call_stub

---------------  P R O C E S S  ---------------

Java Threads: ( => current thread )
  0x000000000d4ff800 JavaThread "Thread-6" [_thread_in_native, id=5444, stack(0x000000000edb0000,0x000000000eeb0000)]
=>0x000000000d4fe800 JavaThread "Thread-5" [_thread_in_native, id=9812, stack(0x000000000ecb0000,0x000000000edb0000)]
  0x00000000022dd000 JavaThread "Service Thread" daemon [_thread_blocked, id=8792, stack(0x000000000d1f0000,0x000000000d2f0000)]
  0x00000000022d1000 JavaThread "C2 CompilerThread1" daemon [_thread_blocked, id=9104, stack(0x000000000d0f0000,0x000000000d1f0000)]
  0x00000000022cf000 JavaThread "C2 CompilerThread0" daemon [_thread_blocked, id=8316, stack(0x000000000cff0000,0x000000000d0f0000)]
  0x00000000022ce000 JavaThread "Attach Listener" daemon [_thread_blocked, id=5356, stack(0x000000000cef0000,0x000000000cff0000)]
  0x000000000ca11800 JavaThread "Signal Dispatcher" daemon [_thread_blocked, id=4788, stack(0x000000000cdf0000,0x000000000cef0000)]
  0x000000000aa31000 JavaThread "Finalizer" daemon [_thread_blocked, id=9472, stack(0x000000000c8f0000,0x000000000c9f0000)]
  0x000000000aa2a800 JavaThread "Reference Handler" daemon [_thread_blocked, id=6352, stack(0x000000000c7f0000,0x000000000c8f0000)]
  0x00000000021de000 JavaThread "main" [_thread_blocked, id=9372, stack(0x0000000002020000,0x0000000002120000)]

Other Threads:
  0x000000000aa26800 VMThread [stack: 0x000000000c6f0000,0x000000000c7f0000] [id=2188]
  0x000000000ca2d000 WatcherThread [stack: 0x000000000d2f0000,0x000000000d3f0000] [id=10192]

VM state:not at safepoint (normal execution)

VM Mutex/Monitor currently owned by a thread: None

Heap
 PSYoungGen      total 459776K, used 300270K [0x00000007d5e80000, 0x0000000800000000, 0x0000000800000000)
  eden space 229888K, 74% used [0x00000007d5e80000,0x00000007e052e670,0x00000007e3f00000)
  from space 229888K, 56% used [0x00000007f1f80000,0x00000007f9e0d528,0x0000000800000000)
  to   space 229888K, 0% used [0x00000007e3f00000,0x00000007e3f00000,0x00000007f1f80000)
 ParOldGen       total 751104K, used 545089K [0x0000000781c00000, 0x00000007af980000, 0x00000007d5e80000)
  object space 751104K, 72% used [0x0000000781c00000,0x00000007a3050538,0x00000007af980000)
 PSPermGen       total 21504K, used 10242K [0x000000077ca00000, 0x000000077df00000, 0x0000000781c00000)
  object space 21504K, 47% used [0x000000077ca00000,0x000000077d400948,0x000000077df00000)

Card table byte_map: [0x00000000053a0000,0x00000000057c0000] byte_map_base: 0x00000000017bb000

Polling page: 0x0000000000800000

Code Cache  [0x00000000022e0000, 0x0000000002550000, 0x00000000052e0000)
 total_blobs=852 nmethods=551 adapters=253 free_code_cache=47148Kb largest_free_block=48220672

Compilation events (10 events):
Event: 28.463 Thread 0x00000000022cf000  595             java.util.regex.Pattern$Single::isSatisfiedBy (14 bytes)
Event: 28.463 Thread 0x00000000022cf000 nmethod 595 0x00000000024ca710 code [0x00000000024ca840, 0x00000000024ca8b8]
Event: 28.493 Thread 0x00000000022d1000  596             info.ephyra.nlp.indices.IrregularVerbs::matches (54 bytes)
Event: 28.495 Thread 0x00000000022d1000 nmethod 596 0x00000000024c9f90 code [0x00000000024ca100, 0x00000000024ca408]
Event: 28.560 Thread 0x00000000022cf000  597             java.io.ObjectInputStream::defaultReadFields (199 bytes)
Event: 28.566 Thread 0x00000000022d1000  598             java.io.ObjectInputStream$PeekInputStream::read (69 bytes)
Event: 28.567 Thread 0x00000000022d1000 nmethod 598 0x0000000002359910 code [0x0000000002359a80, 0x0000000002359c18]
Event: 28.573 Thread 0x00000000022cf000 nmethod 597 0x00000000024dd150 code [0x00000000024dd340, 0x00000000024ddfc0]
Event: 28.601 Thread 0x00000000022d1000  599             sun.nio.cs.SingleByte$Encoder::encodeArrayLoop (236 bytes)
Event: 28.608 Thread 0x00000000022d1000 nmethod 599 0x0000000002358290 code [0x0000000002358420, 0x0000000002358b40]

GC Heap History (10 events):
Event: 8.836 GC heap before
{Heap before GC invocations=26 (full 3):
 PSYoungGen      total 454656K, used 400384K [0x00000007d5e80000, 0x0000000800000000, 0x0000000800000000)
  eden space 235008K, 100% used [0x00000007d5e80000,0x00000007e4400000,0x00000007e4400000)
  from space 219648K, 75% used [0x00000007f2980000,0x00000007fcb00060,0x0000000800000000)
  to   space 227328K, 0% used [0x00000007e4400000,0x00000007e4400000,0x00000007f2200000)
 ParOldGen       total 493056K, used 413710K [0x0000000781c00000, 0x000000079fd80000, 0x00000007d5e80000)
  object space 493056K, 83% used [0x0000000781c00000,0x000000079b003990,0x000000079fd80000)
 PSPermGen       total 21504K, used 8328K [0x000000077ca00000, 0x000000077df00000, 0x0000000781c00000)
  object space 21504K, 38% used [0x000000077ca00000,0x000000077d222018,0x000000077df00000)
Event: 8.894 GC heap after
Heap after GC invocations=26 (full 3):
 PSYoungGen      total 425984K, used 190640K [0x00000007d5e80000, 0x0000000800000000, 0x0000000800000000)
  eden space 235008K, 0% used [0x00000007d5e80000,0x00000007d5e80000,0x00000007e4400000)
  from space 190976K, 99% used [0x00000007e4400000,0x00000007efe2c070,0x00000007efe80000)
  to   space 229888K, 0% used [0x00000007f1f80000,0x00000007f1f80000,0x0000000800000000)
 ParOldGen       total 493056K, used 413710K [0x0000000781c00000, 0x000000079fd80000, 0x00000007d5e80000)
  object space 493056K, 83% used [0x0000000781c00000,0x000000079b003990,0x000000079fd80000)
 PSPermGen       total 21504K, used 8328K [0x000000077ca00000, 0x000000077df00000, 0x0000000781c00000)
  object space 21504K, 38% used [0x000000077ca00000,0x000000077d222018,0x000000077df00000)
}
Event: 9.053 GC heap before
{Heap before GC invocations=27 (full 3):
 PSYoungGen      total 425984K, used 425648K [0x00000007d5e80000, 0x0000000800000000, 0x0000000800000000)
  eden space 235008K, 100% used [0x00000007d5e80000,0x00000007e4400000,0x00000007e4400000)
  from space 190976K, 99% used [0x00000007e4400000,0x00000007efe2c070,0x00000007efe80000)
  to   space 229888K, 0% used [0x00000007f1f80000,0x00000007f1f80000,0x0000000800000000)
 ParOldGen       total 493056K, used 413710K [0x0000000781c00000, 0x000000079fd80000, 0x00000007d5e80000)
  object space 493056K, 83% used [0x0000000781c00000,0x000000079b003990,0x000000079fd80000)
 PSPermGen       total 21504K, used 8328K [0x000000077ca00000, 0x000000077df00000, 0x0000000781c00000)
  object space 21504K, 38% used [0x000000077ca00000,0x000000077d222158,0x000000077df00000)
Event: 9.122 GC heap after
Heap after GC invocations=27 (full 3):
 PSYoungGen      total 459776K, used 181680K [0x00000007d5e80000, 0x0000000800000000, 0x0000000800000000)
  eden space 229888K, 0% used [0x00000007d5e80000,0x00000007d5e80000,0x00000007e3f00000)
  from space 229888K, 79% used [0x00000007f1f80000,0x00000007fd0ec070,0x0000000800000000)
  to   space 229888K, 0% used [0x00000007e3f00000,0x00000007e3f00000,0x00000007f1f80000)
 ParOldGen       total 493056K, used 446806K [0x0000000781c00000, 0x000000079fd80000, 0x00000007d5e80000)
  object space 493056K, 90% used [0x0000000781c00000,0x000000079d0559e0,0x000000079fd80000)
 PSPermGen       total 21504K, used 8328K [0x000000077ca00000, 0x000000077df00000, 0x0000000781c00000)
  object space 21504K, 38% used [0x000000077ca00000,0x000000077d222158,0x000000077df00000)
}
Event: 9.122 GC heap before
{Heap before GC invocations=28 (full 4):
 PSYoungGen      total 459776K, used 181680K [0x00000007d5e80000, 0x0000000800000000, 0x0000000800000000)
  eden space 229888K, 0% used [0x00000007d5e80000,0x00000007d5e80000,0x00000007e3f00000)
  from space 229888K, 79% used [0x00000007f1f80000,0x00000007fd0ec070,0x0000000800000000)
  to   space 229888K, 0% used [0x00000007e3f00000,0x00000007e3f00000,0x00000007f1f80000)
 ParOldGen       total 493056K, used 446806K [0x0000000781c00000, 0x000000079fd80000, 0x00000007d5e80000)
  object space 493056K, 90% used [0x0000000781c00000,0x000000079d0559e0,0x000000079fd80000)
 PSPermGen       total 21504K, used 8328K [0x000000077ca00000, 0x000000077df00000, 0x0000000781c00000)
  object space 21504K, 38% used [0x000000077ca00000,0x000000077d222158,0x000000077df00000)
Event: 11.955 GC heap after
Heap after GC invocations=28 (full 4):
 PSYoungGen      total 459776K, used 134074K [0x00000007d5e80000, 0x0000000800000000, 0x0000000800000000)
  eden space 229888K, 0% used [0x00000007d5e80000,0x00000007d5e80000,0x00000007e3f00000)
  from space 229888K, 58% used [0x00000007f1f80000,0x00000007fa26ea10,0x0000000800000000)
  to   space 229888K, 0% used [0x00000007e3f00000,0x00000007e3f00000,0x00000007f1f80000)
 ParOldGen       total 751104K, used 492645K [0x0000000781c00000, 0x00000007af980000, 0x00000007d5e80000)
  object space 751104K, 65% used [0x0000000781c00000,0x000000079fd19498,0x00000007af980000)
 PSPermGen       total 21504K, used 8327K [0x000000077ca00000, 0x000000077df00000, 0x0000000781c00000)
  object space 21504K, 38% used [0x000000077ca00000,0x000000077d221fd8,0x000000077df00000)
}
Event: 12.401 GC heap before
{Heap before GC invocations=29 (full 4):
 PSYoungGen      total 459776K, used 363962K [0x00000007d5e80000, 0x0000000800000000, 0x0000000800000000)
  eden space 229888K, 100% used [0x00000007d5e80000,0x00000007e3f00000,0x00000007e3f00000)
  from space 229888K, 58% used [0x00000007f1f80000,0x00000007fa26ea10,0x0000000800000000)
  to   space 229888K, 0% used [0x00000007e3f00000,0x00000007e3f00000,0x00000007f1f80000)
 ParOldGen       total 751104K, used 492645K [0x0000000781c00000, 0x00000007af980000, 0x00000007d5e80000)
  object space 751104K, 65% used [0x0000000781c00000,0x000000079fd19498,0x00000007af980000)
 PSPermGen       total 21504K, used 8328K [0x000000077ca00000, 0x000000077df00000, 0x0000000781c00000)
  object space 21504K, 38% used [0x000000077ca00000,0x000000077d222388,0x000000077df00000)
Event: 12.506 GC heap after
Heap after GC invocations=29 (full 4):
 PSYoungGen      total 459776K, used 130896K [0x00000007d5e80000, 0x0000000800000000, 0x0000000800000000)
  eden space 229888K, 0% used [0x00000007d5e80000,0x00000007d5e80000,0x00000007e3f00000)
  from space 229888K, 56% used [0x00000007e3f00000,0x00000007ebed4040,0x00000007f1f80000)
  to   space 229888K, 0% used [0x00000007f1f80000,0x00000007f1f80000,0x0000000800000000)
 ParOldGen       total 751104K, used 520785K [0x0000000781c00000, 0x00000007af980000, 0x00000007d5e80000)
  object space 751104K, 69% used [0x0000000781c00000,0x00000007a18944f8,0x00000007af980000)
 PSPermGen       total 21504K, used 8328K [0x000000077ca00000, 0x000000077df00000, 0x0000000781c00000)
  object space 21504K, 38% used [0x000000077ca00000,0x000000077d222388,0x000000077df00000)
}
Event: 27.208 GC heap before
{Heap before GC invocations=30 (full 4):
 PSYoungGen      total 459776K, used 360784K [0x00000007d5e80000, 0x0000000800000000, 0x0000000800000000)
  eden space 229888K, 100% used [0x00000007d5e80000,0x00000007e3f00000,0x00000007e3f00000)
  from space 229888K, 56% used [0x00000007e3f00000,0x00000007ebed4040,0x00000007f1f80000)
  to   space 229888K, 0% used [0x00000007f1f80000,0x00000007f1f80000,0x0000000800000000)
 ParOldGen       total 751104K, used 520785K [0x0000000781c00000, 0x00000007af980000, 0x00000007d5e80000)
  object space 751104K, 69% used [0x0000000781c00000,0x00000007a18944f8,0x00000007af980000)
 PSPermGen       total 21504K, used 9297K [0x000000077ca00000, 0x000000077df00000, 0x0000000781c00000)
  object space 21504K, 43% used [0x000000077ca00000,0x000000077d314460,0x000000077df00000)
Event: 27.261 GC heap after
Heap after GC invocations=30 (full 4):
 PSYoungGen      total 459776K, used 129589K [0x00000007d5e80000, 0x0000000800000000, 0x0000000800000000)
  eden space 229888K, 0% used [0x00000007d5e80000,0x00000007d5e80000,0x00000007e3f00000)
  from space 229888K, 56% used [0x00000007f1f80000,0x00000007f9e0d528,0x0000000800000000)
  to   space 229888K, 0% used [0x00000007e3f00000,0x00000007e3f00000,0x00000007f1f80000)
 ParOldGen       total 751104K, used 545089K [0x0000000781c00000, 0x00000007af980000, 0x00000007d5e80000)
  object space 751104K, 72% used [0x0000000781c00000,0x00000007a3050538,0x00000007af980000)
 PSPermGen       total 21504K, used 9297K [0x000000077ca00000, 0x000000077df00000, 0x0000000781c00000)
  object space 21504K, 43% used [0x000000077ca00000,0x000000077d314460,0x000000077df00000)
}

Deoptimization events (10 events):
Event: 28.531 Thread 0x00000000021de000 Uncommon trap: reason=bimorphic action=maybe_recompile pc=0x00000000023d84ac method=java.io.ObjectInputStream$PeekInputStream.read([BII)I @ 20
Event: 28.531 Thread 0x00000000021de000 Uncommon trap: reason=bimorphic action=maybe_recompile pc=0x00000000023d84ac method=java.io.ObjectInputStream$PeekInputStream.read([BII)I @ 20
Event: 28.531 Thread 0x00000000021de000 Uncommon trap: reason=bimorphic action=maybe_recompile pc=0x00000000023ee428 method=java.io.ObjectInputStream$PeekInputStream.read([BII)I @ 20
Event: 28.531 Thread 0x00000000021de000 Uncommon trap: reason=bimorphic action=maybe_recompile pc=0x00000000023df988 method=java.io.ObjectInputStream$PeekInputStream.peek()I @ 19
Event: 28.531 Thread 0x00000000021de000 Uncommon trap: reason=bimorphic action=maybe_recompile pc=0x00000000023d6748 method=java.io.ObjectInputStream$PeekInputStream.peek()I @ 19
Event: 28.531 Thread 0x00000000021de000 Uncommon trap: reason=bimorphic action=maybe_recompile pc=0x00000000023df988 method=java.io.ObjectInputStream$PeekInputStream.peek()I @ 19
Event: 28.531 Thread 0x00000000021de000 Uncommon trap: reason=bimorphic action=maybe_recompile pc=0x00000000023e6bf4 method=java.io.ObjectInputStream$PeekInputStream.peek()I @ 19
Event: 28.532 Thread 0x00000000021de000 Uncommon trap: reason=bimorphic action=maybe_recompile pc=0x00000000023eb908 method=java.io.ObjectInputStream$PeekInputStream.read([BII)I @ 20
Event: 28.533 Thread 0x00000000021de000 Uncommon trap: reason=bimorphic action=maybe_recompile pc=0x00000000023efe0c method=java.io.ObjectInputStream$PeekInputStream.read([BII)I @ 20
Event: 28.573 Thread 0x00000000021de000 Uncommon trap: reason=bimorphic action=maybe_recompile pc=0x00000000023ad540 method=java.io.ObjectInputStream$PeekInputStream.read([BII)I @ 20

Internal exceptions (10 events):
Event: 28.533 Thread 0x00000000021de000 Threw 0x00000007df2b10b8 at C:\re\jdk7u79\2331\hotspot\src\share\vm\prims\jvm.cpp:1304
Event: 28.533 Thread 0x00000000021de000 Threw 0x00000007df2b7590 at C:\re\jdk7u79\2331\hotspot\src\share\vm\prims\jvm.cpp:1304
Event: 28.533 Thread 0x00000000021de000 Threw 0x00000007df2bc120 at C:\re\jdk7u79\2331\hotspot\src\share\vm\prims\jvm.cpp:1304
Event: 28.534 Thread 0x00000000021de000 Threw 0x00000007df2c6648 at C:\re\jdk7u79\2331\hotspot\src\share\vm\prims\jvm.cpp:1304
Event: 28.575 Thread 0x00000000021de000 Threw 0x00000007df344a48 at C:\re\jdk7u79\2331\hotspot\src\share\vm\prims\jvm.cpp:1304
Event: 28.589 Thread 0x00000000021de000 Threw 0x00000007df3464b0 at C:\re\jdk7u79\2331\hotspot\src\share\vm\prims\jvm.cpp:1304
Event: 28.598 Thread 0x00000000021de000 Threw 0x00000007df347f70 at C:\re\jdk7u79\2331\hotspot\src\share\vm\prims\jvm.cpp:1304
Event: 28.603 Thread 0x000000000d4fe800 Threw 0x00000007df7b6560 at C:\re\jdk7u79\2331\hotspot\src\share\vm\prims\jvm.cpp:1304
Event: 28.611 Thread 0x000000000e00f000 Threw 0x00000007e00b14b8 at C:\re\jdk7u79\2331\hotspot\src\share\vm\prims\jvm.cpp:1304
Event: 28.885 Thread 0x000000000e00f000 Threw 0x00000007e00c5a10 at C:\re\jdk7u79\2331\hotspot\src\share\vm\prims\jvm.cpp:1304

Events (10 events):
Event: 28.603 loading class 0x000000000ca9be90 done
Event: 28.611 loading class 0x000000000d74c020
Event: 28.611 loading class 0x000000000d74c020 done
Event: 28.612 loading class 0x000000000223e160
Event: 28.612 loading class 0x000000000223e160 done
Event: 28.885 loading class 0x000000000ca9b810
Event: 28.885 loading class 0x000000000ca9b810 done
Event: 28.895 Executing VM operation: RevokeBias
Event: 28.895 Executing VM operation: RevokeBias done
Event: 28.895 Thread 0x000000000e00f000 Thread exited: 0x000000000e00f000


Dynamic libraries:
0x00007ff67ec50000 - 0x00007ff67ec83000 	C:\Program Files\Java\jdk1.7.0_79\bin\javaw.exe
0x00007ffb1d310000 - 0x00007ffb1d4bc000 	C:\WINDOWS\SYSTEM32\ntdll.dll
0x00007ffb1aa40000 - 0x00007ffb1ab7e000 	C:\WINDOWS\system32\KERNEL32.DLL
0x00007ffb1a810000 - 0x00007ffb1a925000 	C:\WINDOWS\system32\KERNELBASE.dll
0x00007ffb18c20000 - 0x00007ffb18cae000 	C:\WINDOWS\system32\apphelp.dll
0x00007ffb04cd0000 - 0x00007ffb04d23000 	C:\WINDOWS\AppPatch\AppPatch64\AcGenral.DLL
0x00007ffb1d260000 - 0x00007ffb1d30a000 	C:\WINDOWS\system32\msvcrt.dll
0x00007ffb1a290000 - 0x00007ffb1a2be000 	C:\WINDOWS\SYSTEM32\SspiCli.dll
0x00007ffb1ab80000 - 0x00007ffb1abd4000 	C:\WINDOWS\system32\SHLWAPI.dll
0x00007ffb1b2f0000 - 0x00007ffb1b467000 	C:\WINDOWS\system32\USER32.dll
0x00007ffb1b060000 - 0x00007ffb1b1f4000 	C:\WINDOWS\system32\ole32.dll
0x00007ffb1bd40000 - 0x00007ffb1d258000 	C:\WINDOWS\system32\SHELL32.dll
0x00007ffb199c0000 - 0x00007ffb199e1000 	C:\WINDOWS\SYSTEM32\USERENV.dll
0x00007ffb1a990000 - 0x00007ffb1aa3a000 	C:\WINDOWS\system32\ADVAPI32.dll
0x00007ffb07620000 - 0x00007ffb0763e000 	C:\WINDOWS\SYSTEM32\MPR.dll
0x00007ffb1b630000 - 0x00007ffb1b771000 	C:\WINDOWS\system32\RPCRT4.dll
0x00007ffb1abf0000 - 0x00007ffb1ac49000 	C:\WINDOWS\SYSTEM32\sechost.dll
0x00007ffb1ad20000 - 0x00007ffb1af31000 	C:\WINDOWS\SYSTEM32\combase.dll
0x00007ffb1b4d0000 - 0x00007ffb1b621000 	C:\WINDOWS\system32\GDI32.dll
0x00007ffb1a460000 - 0x00007ffb1a475000 	C:\WINDOWS\SYSTEM32\profapi.dll
0x00007ffb19420000 - 0x00007ffb194d2000 	C:\WINDOWS\SYSTEM32\SHCORE.dll
0x00007ffb1b9b0000 - 0x00007ffb1b9e6000 	C:\WINDOWS\system32\IMM32.DLL
0x00007ffb1bbd0000 - 0x00007ffb1bd22000 	C:\WINDOWS\system32\MSCTF.dll
0x00007ffb17d90000 - 0x00007ffb1800b000 	C:\WINDOWS\WinSxS\amd64_microsoft.windows.common-controls_6595b64144ccf1df_6.0.9600.17784_none_624760d1ecb7236e\COMCTL32.dll
0x00000000613a0000 - 0x0000000061472000 	C:\Program Files\Java\jdk1.7.0_79\jre\bin\msvcr100.dll
0x0000000060970000 - 0x0000000061145000 	C:\Program Files\Java\jdk1.7.0_79\jre\bin\server\jvm.dll
0x00007ffb175f0000 - 0x00007ffb175f9000 	C:\WINDOWS\SYSTEM32\WSOCK32.dll
0x00007ffb15b70000 - 0x00007ffb15b92000 	C:\WINDOWS\SYSTEM32\WINMM.dll
0x00007ffb1b200000 - 0x00007ffb1b207000 	C:\WINDOWS\system32\PSAPI.DLL
0x00007ffb1b470000 - 0x00007ffb1b4ca000 	C:\WINDOWS\system32\WS2_32.dll
0x00007ffb15b40000 - 0x00007ffb15b6a000 	C:\WINDOWS\SYSTEM32\WINMMBASE.dll
0x00007ffb1bd30000 - 0x00007ffb1bd39000 	C:\WINDOWS\system32\NSI.dll
0x00007ffb1a710000 - 0x00007ffb1a75f000 	C:\WINDOWS\SYSTEM32\cfgmgr32.dll
0x00007ffb18e70000 - 0x00007ffb18e98000 	C:\WINDOWS\SYSTEM32\DEVOBJ.dll
0x0000000061390000 - 0x000000006139f000 	C:\Program Files\Java\jdk1.7.0_79\jre\bin\verify.dll
0x0000000061360000 - 0x0000000061388000 	C:\Program Files\Java\jdk1.7.0_79\jre\bin\java.dll
0x0000000061340000 - 0x0000000061355000 	C:\Program Files\Java\jdk1.7.0_79\jre\bin\zip.dll
0x0000000061320000 - 0x000000006133a000 	C:\Program Files\Java\jdk1.7.0_79\jre\bin\net.dll
0x00007ffb19c30000 - 0x00007ffb19c89000 	C:\WINDOWS\system32\mswsock.dll
0x0000000061300000 - 0x0000000061311000 	C:\Program Files\Java\jdk1.7.0_79\jre\bin\nio.dll
0x0000000180000000 - 0x000000018031b000 	C:\Program Files\Indri\Indri 5.8\bin\indri_jni.dll
0x00007ffb03ff0000 - 0x00007ffb04097000 	C:\WINDOWS\SYSTEM32\MSVCP110.dll
0x00007ffaff9f0000 - 0x00007ffaffac4000 	C:\WINDOWS\SYSTEM32\MSVCR110.dll
0x00007ffb1ac50000 - 0x00007ffb1ad11000 	C:\WINDOWS\system32\OLEAUT32.dll
0x00007ffb141f0000 - 0x00007ffb14379000 	C:\WINDOWS\SYSTEM32\dbghelp.dll

VM Arguments:
jvm_args: -Dfile.encoding=Cp1252 
java_command: info.ephyra.trec.OpenEphyraCorpus
Launcher Type: SUN_STANDARD

Environment Variables:
JAVA_HOME=C:\Program Files\Java\jdk1.8.0_20
PATH=C:/Program Files (x86)/Java/jre7/bin/client;C:/Program Files (x86)/Java/jre7/bin;C:/Program Files (x86)/Java/jre7/lib/i386;C:\ProgramData\Oracle\Java\javapath;C:\Xilinx\10.1\ISE\bin\nt;C:\Xilinx\10.1\ISE\lib\nt;C:\Xilinx\10.1\ISE\smartmodel\nt\installed_nt\lib\pcnt.lib;C:\Xilinx\10.1\ISE\bin\nt64;C:\Xilinx\10.1\ISE\lib\nt64;C:\Program Files (x86)\NVIDIA Corporation\PhysX\Common;C:\Program Files (x86)\Intel\iCLS Client\;C:\Program Files\Intel\iCLS Client\;C:\WINDOWS\system32;C:\WINDOWS;C:\WINDOWS\System32\Wbem;C:\WINDOWS\System32\WindowsPowerShell\v1.0\;C:\Program Files (x86)\Windows Live\Shared;C:\Program Files\Intel\Intel(R) Management Engine Components\DAL;C:\Program Files\Intel\Intel(R) Management Engine Components\IPT;C:\Program Files (x86)\Intel\Intel(R) Management Engine Components\DAL;C:\Program Files (x86)\Intel\Intel(R) Management Engine Components\IPT;C:\Program Files (x86)\Intel\OpenCL SDK\3.0\bin\x86;C:\Program Files (x86)\Intel\OpenCL SDK\3.0\bin\x64;C:\MinGW\bin;C:\Program Files\TortoiseSVN\bin;C:\Program Files (x86)\MiKTeX 2.9\miktex\bin\;C:\Program Files (x86)\Skype\Phone\;C:\Program Files (x86)\Windows Kits\8.1\Windows Performance Toolkit\;C:\Program Files\Microsoft SQL Server\110\Tools\Binn\;C:\Program Files (x86)\Microsoft SDKs\TypeScript\1.0\;C:\Program Files\Microsoft SQL Server\120\Tools\Binn\;C:\Program Files\Java\jdk1.8.0_45\bin;C:\Program Files\Indri\Indri 5.8\bin;C:\Users\Walex\eclipse-standard-kepler-SR1-win32\eclipse;
USERNAME=Walex
OS=Windows_NT
PROCESSOR_IDENTIFIER=Intel64 Family 6 Model 60 Stepping 3, GenuineIntel



---------------  S Y S T E M  ---------------

OS: Windows 8.1 , 64 bit Build 9600 

CPU:total 8 (4 cores per cpu, 2 threads per core) family 6 model 60 stepping 3, cmov, cx8, fxsr, mmx, sse, sse2, sse3, ssse3, sse4.1, sse4.2, popcnt, avx, avx2, aes, erms, ht, tsc, tscinvbit

Memory: 4k page, physical 8269204k(1343612k free), swap 33427152k(891236k free)

vm_info: Java HotSpot(TM) 64-Bit Server VM (24.79-b02) for windows-amd64 JRE (1.7.0_79-b15), built on Apr 10 2015 12:36:16 by "java_re" with unknown MS VC++:1600

time: Fri Jun 05 17:10:47 2015
elapsed time: 1022 seconds

